<?xml version="1.0" encoding="UTF-8"?>
<!-- Generated by org.testng.reporters.JUnitReportReporter -->
<testsuite hostname="DESKTOP-KD287T4" failures="0" tests="2" name="test.ChildWelfare" time="0.015" errors="0" timestamp="2020-04-03T18:05:42 IST" skipped="0">
  <testcase classname="test.ChildWelfare" name="checkButtons" time="0.013"/>
  <testcase classname="test.ChildWelfare" name="checkTitles" time="0.002"/>
</testsuite> <!-- test.ChildWelfare -->
