<?xml version="1.0" encoding="UTF-8"?>
<!-- Generated by org.testng.reporters.JUnitReportReporter -->
<testsuite hostname="DESKTOP-KD287T4" failures="0" tests="2" name="test.AdultWelfare" time="0.003" errors="0" timestamp="2020-04-03T18:05:42 IST" skipped="0">
  <testcase classname="test.AdultWelfare" name="checkTextBoxes" time="0.001"/>
  <testcase classname="test.AdultWelfare" name="checkHeadings" time="0.002"/>
</testsuite> <!-- test.AdultWelfare -->
