<?xml version="1.0" encoding="UTF-8"?>
<!-- Generated by org.testng.reporters.JUnitReportReporter -->
<testsuite hostname="DESKTOP-KD287T4" failures="0" tests="2" name="test.ChildWelfare" time="0.001" errors="0" timestamp="2020-04-07T08:16:41 IST" skipped="0">
  <testcase classname="test.ChildWelfare" name="checkTitles" time="0.001"/>
  <testcase classname="test.ChildWelfare" name="checkButtons" time="0.000"/>
</testsuite> <!-- test.ChildWelfare -->
